[2026-03-01T14:24:32.245+0000] {local_task_job_runner.py:123} INFO - ::group::Pre task execution logs
[2026-03-01T14:24:32.276+0000] {taskinstance.py:2613} INFO - Dependencies all met for dep_context=non-requeueable deps ti=<TaskInstance: brewery_pipeline.invoke_openbrewery_lambda manual__2026-03-01T14:20:22.752793+00:00 [queued]>
[2026-03-01T14:24:32.291+0000] {taskinstance.py:2613} INFO - Dependencies all met for dep_context=requeueable deps ti=<TaskInstance: brewery_pipeline.invoke_openbrewery_lambda manual__2026-03-01T14:20:22.752793+00:00 [queued]>
[2026-03-01T14:24:32.292+0000] {taskinstance.py:2866} INFO - Starting attempt 3 of 3
[2026-03-01T14:24:32.313+0000] {taskinstance.py:2889} INFO - Executing <Task(LambdaInvokeFunctionOperator): invoke_openbrewery_lambda> on 2026-03-01 14:20:22.752793+00:00
[2026-03-01T14:24:32.332+0000] {logging_mixin.py:190} WARNING - /home/***/.local/lib/python3.12/site-packages/***/task/task_runner/standard_task_runner.py:70 DeprecationWarning: This process (pid=451) is multi-threaded, use of fork() may lead to deadlocks in the child.
[2026-03-01T14:24:32.334+0000] {standard_task_runner.py:72} INFO - Started process 452 to run task
[2026-03-01T14:24:32.331+0000] {standard_task_runner.py:104} INFO - Running: ['***', 'tasks', 'run', 'brewery_pipeline', 'invoke_openbrewery_lambda', 'manual__2026-03-01T14:20:22.752793+00:00', '--job-id', '12', '--raw', '--subdir', 'DAGS_FOLDER/brewery_pipeline.py', '--cfg-path', '/tmp/tmpqjqgqqw4']
[2026-03-01T14:24:32.335+0000] {standard_task_runner.py:105} INFO - Job 12: Subtask invoke_openbrewery_lambda
[2026-03-01T14:24:32.536+0000] {task_command.py:467} INFO - Running <TaskInstance: brewery_pipeline.invoke_openbrewery_lambda manual__2026-03-01T14:20:22.752793+00:00 [running]> on host fdb346f2c1da
[2026-03-01T14:24:32.668+0000] {taskinstance.py:3132} INFO - Exporting env vars: AIRFLOW_CTX_DAG_OWNER='bruno' AIRFLOW_CTX_DAG_ID='brewery_pipeline' AIRFLOW_CTX_TASK_ID='invoke_openbrewery_lambda' AIRFLOW_CTX_EXECUTION_DATE='2026-03-01T14:20:22.752793+00:00' AIRFLOW_CTX_TRY_NUMBER='3' AIRFLOW_CTX_DAG_RUN_ID='manual__2026-03-01T14:20:22.752793+00:00'
[2026-03-01T14:24:32.672+0000] {taskinstance.py:731} INFO - ::endgroup::
[2026-03-01T14:24:32.707+0000] {lambda_function.py:217} INFO - Invoking AWS Lambda function: BronzeApiCaptureBreweries with payload: {"source": "***", "dag_id": "brewery_pipeline", "execution_date": "2026-03-01T14:20:22.752793+00:00", "environment": "prd"}
[2026-03-01T14:24:32.724+0000] {base_aws.py:603} WARNING - Unable to find AWS Connection ID 'aws_default', switching to empty.
[2026-03-01T14:24:32.725+0000] {base_aws.py:177} INFO - No connection ID provided. Fallback on boto3 credential strategy (region_name=None). See: https://boto3.amazonaws.com/v1/documentation/api/latest/guide/configuration.html
[2026-03-01T14:24:33.557+0000] {credentials.py:1278} INFO - Found credentials in shared credentials file: ~/.aws/credentials
[2026-03-01T14:25:20.200+0000] {lambda_function.py:226} INFO - Lambda response metadata: {'RequestId': '00cb82fd-ad0a-4aac-967d-1b860e4b3987', 'HTTPStatusCode': 200, 'HTTPHeaders': {'date': 'Sun, 01 Mar 2026 14:25:17 GMT', 'content-type': 'application/json', 'content-length': '89', 'connection': 'keep-alive', 'x-amzn-requestid': '00cb82fd-ad0a-4aac-967d-1b860e4b3987', 'x-amzn-remapped-content-length': '0', 'x-amz-executed-version': '$LATEST', 'x-amz-log-result': 'U1RBUlQgUmVxdWVzdElkOiAwMGNiODJmZC1hZDBhLTRhYWMtOTY3ZC0xYjg2MGU0YjM5ODcgVmVyc2lvbjogJExBVEVTVApFTkQgUmVxdWVzdElkOiAwMGNiODJmZC1hZDBhLTRhYWMtOTY3ZC0xYjg2MGU0YjM5ODcKUkVQT1JUIFJlcXVlc3RJZDogMDBjYjgyZmQtYWQwYS00YWFjLTk2N2QtMWI4NjBlNGIzOTg3CUR1cmF0aW9uOiA0Mjc2Ny45NSBtcwlCaWxsZWQgRHVyYXRpb246IDQzMjg0IG1zCU1lbW9yeSBTaXplOiA1MTIgTUIJTWF4IE1lbW9yeSBVc2VkOiAxMjUgTUIJSW5pdCBEdXJhdGlvbjogNTE2LjA1IG1zCQo=', 'x-amzn-trace-id': 'Root=1-69a44c22-2154823a29acc25c1830a398;Parent=626922e1038496d0;Sampled=0;Lineage=1:af74fa33:0'}, 'RetryAttempts': 0}
[2026-03-01T14:25:20.235+0000] {lambda_function.py:234} INFO - The last 4 KB of the Lambda execution log (keep_empty_log_lines=True).
[2026-03-01T14:25:20.317+0000] {lambda_function.py:239} INFO - START RequestId: 00cb82fd-ad0a-4aac-967d-1b860e4b3987 Version: $LATEST
[2026-03-01T14:25:20.318+0000] {lambda_function.py:239} INFO - END RequestId: 00cb82fd-ad0a-4aac-967d-1b860e4b3987
[2026-03-01T14:25:20.319+0000] {lambda_function.py:239} INFO - REPORT RequestId: 00cb82fd-ad0a-4aac-967d-1b860e4b3987	Duration: 42767.95 ms	Billed Duration: 43284 ms	Memory Size: 512 MB	Max Memory Used: 125 MB	Init Duration: 516.05 ms	
[2026-03-01T14:25:20.340+0000] {lambda_function.py:250} INFO - Lambda function invocation succeeded: {'RequestId': '00cb82fd-ad0a-4aac-967d-1b860e4b3987', 'HTTPStatusCode': 200, 'HTTPHeaders': {'date': 'Sun, 01 Mar 2026 14:25:17 GMT', 'content-type': 'application/json', 'content-length': '89', 'connection': 'keep-alive', 'x-amzn-requestid': '00cb82fd-ad0a-4aac-967d-1b860e4b3987', 'x-amzn-remapped-content-length': '0', 'x-amz-executed-version': '$LATEST', 'x-amz-log-result': 'U1RBUlQgUmVxdWVzdElkOiAwMGNiODJmZC1hZDBhLTRhYWMtOTY3ZC0xYjg2MGU0YjM5ODcgVmVyc2lvbjogJExBVEVTVApFTkQgUmVxdWVzdElkOiAwMGNiODJmZC1hZDBhLTRhYWMtOTY3ZC0xYjg2MGU0YjM5ODcKUkVQT1JUIFJlcXVlc3RJZDogMDBjYjgyZmQtYWQwYS00YWFjLTk2N2QtMWI4NjBlNGIzOTg3CUR1cmF0aW9uOiA0Mjc2Ny45NSBtcwlCaWxsZWQgRHVyYXRpb246IDQzMjg0IG1zCU1lbW9yeSBTaXplOiA1MTIgTUIJTWF4IE1lbW9yeSBVc2VkOiAxMjUgTUIJSW5pdCBEdXJhdGlvbjogNTE2LjA1IG1zCQo=', 'x-amzn-trace-id': 'Root=1-69a44c22-2154823a29acc25c1830a398;Parent=626922e1038496d0;Sampled=0;Lineage=1:af74fa33:0'}, 'RetryAttempts': 0}
[2026-03-01T14:25:20.654+0000] {taskinstance.py:340} INFO - ::group::Post task execution logs
[2026-03-01T14:25:20.658+0000] {taskinstance.py:352} INFO - Marking task as SUCCESS. dag_id=brewery_pipeline, task_id=invoke_openbrewery_lambda, run_id=manual__2026-03-01T14:20:22.752793+00:00, execution_date=20260301T142022, start_date=20260301T142432, end_date=20260301T142520
[2026-03-01T14:25:20.811+0000] {local_task_job_runner.py:266} INFO - Task exited with return code 0
[2026-03-01T14:25:20.893+0000] {local_task_job_runner.py:245} INFO - ::endgroup::
