[2026-03-02T02:53:10.436+0000] {local_task_job_runner.py:123} INFO - ::group::Pre task execution logs
[2026-03-02T02:53:10.466+0000] {taskinstance.py:2613} INFO - Dependencies all met for dep_context=non-requeueable deps ti=<TaskInstance: brewery_pipeline.invoke_openbrewery_lambda scheduled__2026-03-01T00:00:00+00:00 [queued]>
[2026-03-02T02:53:10.480+0000] {taskinstance.py:2613} INFO - Dependencies all met for dep_context=requeueable deps ti=<TaskInstance: brewery_pipeline.invoke_openbrewery_lambda scheduled__2026-03-01T00:00:00+00:00 [queued]>
[2026-03-02T02:53:10.481+0000] {taskinstance.py:2866} INFO - Starting attempt 2 of 3
[2026-03-02T02:53:10.499+0000] {taskinstance.py:2889} INFO - Executing <Task(LambdaInvokeFunctionOperator): invoke_openbrewery_lambda> on 2026-03-01 00:00:00+00:00
[2026-03-02T02:53:10.517+0000] {logging_mixin.py:190} WARNING - /home/***/.local/lib/python3.12/site-packages/***/task/task_runner/standard_task_runner.py:70 DeprecationWarning: This process (pid=215) is multi-threaded, use of fork() may lead to deadlocks in the child.
[2026-03-02T02:53:10.513+0000] {standard_task_runner.py:104} INFO - Running: ['***', 'tasks', 'run', 'brewery_pipeline', 'invoke_openbrewery_lambda', 'scheduled__2026-03-01T00:00:00+00:00', '--job-id', '16', '--raw', '--subdir', 'DAGS_FOLDER/brewery_pipeline.py', '--cfg-path', '/tmp/tmp2qr8_for']
[2026-03-02T02:53:10.520+0000] {standard_task_runner.py:72} INFO - Started process 216 to run task
[2026-03-02T02:53:10.520+0000] {standard_task_runner.py:105} INFO - Job 16: Subtask invoke_openbrewery_lambda
[2026-03-02T02:53:10.645+0000] {task_command.py:467} INFO - Running <TaskInstance: brewery_pipeline.invoke_openbrewery_lambda scheduled__2026-03-01T00:00:00+00:00 [running]> on host fdb346f2c1da
[2026-03-02T02:53:11.438+0000] {taskinstance.py:3132} INFO - Exporting env vars: AIRFLOW_CTX_DAG_OWNER='bruno' AIRFLOW_CTX_DAG_ID='brewery_pipeline' AIRFLOW_CTX_TASK_ID='invoke_openbrewery_lambda' AIRFLOW_CTX_EXECUTION_DATE='2026-03-01T00:00:00+00:00' AIRFLOW_CTX_TRY_NUMBER='2' AIRFLOW_CTX_DAG_RUN_ID='scheduled__2026-03-01T00:00:00+00:00'
[2026-03-02T02:53:11.439+0000] {taskinstance.py:731} INFO - ::endgroup::
[2026-03-02T02:53:11.475+0000] {lambda_function.py:217} INFO - Invoking AWS Lambda function: BronzeApiCaptureBreweries with payload: {"source": "***", "dag_id": "brewery_pipeline", "execution_date": "2026-03-01T00:00:00+00:00", "environment": "prd"}
[2026-03-02T02:53:11.502+0000] {base_aws.py:603} WARNING - Unable to find AWS Connection ID 'aws_default', switching to empty.
[2026-03-02T02:53:11.503+0000] {base_aws.py:177} INFO - No connection ID provided. Fallback on boto3 credential strategy (region_name=None). See: https://boto3.amazonaws.com/v1/documentation/api/latest/guide/configuration.html
[2026-03-02T02:53:12.201+0000] {credentials.py:1278} INFO - Found credentials in shared credentials file: ~/.aws/credentials
[2026-03-02T02:53:18.290+0000] {lambda_function.py:226} INFO - Lambda response metadata: {'RequestId': '41e1acd9-b9e2-4ef8-8688-dc0e5e7943ea', 'HTTPStatusCode': 200, 'HTTPHeaders': {'date': 'Mon, 02 Mar 2026 02:53:18 GMT', 'content-type': 'application/json', 'content-length': '89', 'connection': 'keep-alive', 'x-amzn-requestid': '41e1acd9-b9e2-4ef8-8688-dc0e5e7943ea', 'x-amzn-remapped-content-length': '0', 'x-amz-executed-version': '$LATEST', 'x-amz-log-result': 'U1RBUlQgUmVxdWVzdElkOiA0MWUxYWNkOS1iOWUyLTRlZjgtODY4OC1kYzBlNWU3OTQzZWEgVmVyc2lvbjogJExBVEVTVApFTkQgUmVxdWVzdElkOiA0MWUxYWNkOS1iOWUyLTRlZjgtODY4OC1kYzBlNWU3OTQzZWEKUkVQT1JUIFJlcXVlc3RJZDogNDFlMWFjZDktYjllMi00ZWY4LTg2ODgtZGMwZTVlNzk0M2VhCUR1cmF0aW9uOiA0OTI1Ljg5IG1zCUJpbGxlZCBEdXJhdGlvbjogNTQ1NiBtcwlNZW1vcnkgU2l6ZTogNTEyIE1CCU1heCBNZW1vcnkgVXNlZDogMTI1IE1CCUluaXQgRHVyYXRpb246IDUyOS41MyBtcwkK', 'x-amzn-trace-id': 'Root=1-69a4fb98-7e2ba32755914a7135b39ebc;Parent=2ff96dcb5715887f;Sampled=0;Lineage=1:af74fa33:0'}, 'RetryAttempts': 0}
[2026-03-02T02:53:18.291+0000] {lambda_function.py:234} INFO - The last 4 KB of the Lambda execution log (keep_empty_log_lines=True).
[2026-03-02T02:53:18.293+0000] {lambda_function.py:239} INFO - START RequestId: 41e1acd9-b9e2-4ef8-8688-dc0e5e7943ea Version: $LATEST
[2026-03-02T02:53:18.294+0000] {lambda_function.py:239} INFO - END RequestId: 41e1acd9-b9e2-4ef8-8688-dc0e5e7943ea
[2026-03-02T02:53:18.295+0000] {lambda_function.py:239} INFO - REPORT RequestId: 41e1acd9-b9e2-4ef8-8688-dc0e5e7943ea	Duration: 4925.89 ms	Billed Duration: 5456 ms	Memory Size: 512 MB	Max Memory Used: 125 MB	Init Duration: 529.53 ms	
[2026-03-02T02:53:18.295+0000] {lambda_function.py:250} INFO - Lambda function invocation succeeded: {'RequestId': '41e1acd9-b9e2-4ef8-8688-dc0e5e7943ea', 'HTTPStatusCode': 200, 'HTTPHeaders': {'date': 'Mon, 02 Mar 2026 02:53:18 GMT', 'content-type': 'application/json', 'content-length': '89', 'connection': 'keep-alive', 'x-amzn-requestid': '41e1acd9-b9e2-4ef8-8688-dc0e5e7943ea', 'x-amzn-remapped-content-length': '0', 'x-amz-executed-version': '$LATEST', 'x-amz-log-result': 'U1RBUlQgUmVxdWVzdElkOiA0MWUxYWNkOS1iOWUyLTRlZjgtODY4OC1kYzBlNWU3OTQzZWEgVmVyc2lvbjogJExBVEVTVApFTkQgUmVxdWVzdElkOiA0MWUxYWNkOS1iOWUyLTRlZjgtODY4OC1kYzBlNWU3OTQzZWEKUkVQT1JUIFJlcXVlc3RJZDogNDFlMWFjZDktYjllMi00ZWY4LTg2ODgtZGMwZTVlNzk0M2VhCUR1cmF0aW9uOiA0OTI1Ljg5IG1zCUJpbGxlZCBEdXJhdGlvbjogNTQ1NiBtcwlNZW1vcnkgU2l6ZTogNTEyIE1CCU1heCBNZW1vcnkgVXNlZDogMTI1IE1CCUluaXQgRHVyYXRpb246IDUyOS41MyBtcwkK', 'x-amzn-trace-id': 'Root=1-69a4fb98-7e2ba32755914a7135b39ebc;Parent=2ff96dcb5715887f;Sampled=0;Lineage=1:af74fa33:0'}, 'RetryAttempts': 0}
[2026-03-02T02:53:18.338+0000] {taskinstance.py:340} INFO - ::group::Post task execution logs
[2026-03-02T02:53:18.338+0000] {taskinstance.py:352} INFO - Marking task as SUCCESS. dag_id=brewery_pipeline, task_id=invoke_openbrewery_lambda, run_id=scheduled__2026-03-01T00:00:00+00:00, execution_date=20260301T000000, start_date=20260302T025310, end_date=20260302T025318
[2026-03-02T02:53:18.419+0000] {local_task_job_runner.py:266} INFO - Task exited with return code 0
[2026-03-02T02:53:18.447+0000] {taskinstance.py:3895} INFO - 0 downstream tasks scheduled from follow-on schedule check
[2026-03-02T02:53:18.452+0000] {local_task_job_runner.py:245} INFO - ::endgroup::
